<?xml version="1.0" encoding="UTF-8"?>
<!-- Generated by org.testng.reporters.JUnitReportReporter -->
<testsuite skipped="0" hostname="DESKTOP-QLME5FL" name="com.Tyss.factframework.rough.Demo" tests="1" failures="0" timestamp="2020-06-23T12:59:02 IST" time="10.486" errors="0">
  <testcase name="tc_roughDemo" time="10.486" classname="com.Tyss.factframework.rough.Demo"/>
  <system-out/>
</testsuite> <!-- com.Tyss.factframework.rough.Demo -->
