<?xml version="1.0" encoding="UTF-8"?>
<!-- Generated by org.testng.reporters.JUnitReportReporter -->
<testsuite skipped="0" hostname="DESKTOP-QLME5FL" name="com.Tyss.factframework.scripts.LoginTest" tests="1" failures="0" timestamp="2020-06-25T22:07:27 IST" time="21.416" errors="0">
  <testcase name="tc_02" time="21.416" classname="com.Tyss.factframework.scripts.LoginTest"/>
  <system-out>
Clicked onAccount Button Entered text " anuj.lpu1@gmail.com "In the Userame Textbox Entered text " Test@123 "In the Password Textbox Clicked onLoginBtn  </system-out>
</testsuite> <!-- com.Tyss.factframework.scripts.LoginTest -->
